method return time=1643346039.053383 sender=:1.114 -> destination=:1.190 serial=1220 reply_serial=2
   string "<!DOCTYPE node PUBLIC "-//freedesktop//DTD D-BUS Object Introspection 1.0//EN"
                      "http://www.freedesktop.org/standards/dbus/1.0/introspect.dtd">
<!-- GDBus 2.64.6 -->
<node>
  <interface name="org.freedesktop.DBus.Properties">
    <method name="Get">
      <arg type="s" name="interface_name" direction="in"/>
      <arg type="s" name="property_name" direction="in"/>
      <arg type="v" name="value" direction="out"/>
    </method>
    <method name="GetAll">
      <arg type="s" name="interface_name" direction="in"/>
      <arg type="a{sv}" name="properties" direction="out"/>
    </method>
    <method name="Set">
      <arg type="s" name="interface_name" direction="in"/>
      <arg type="s" name="property_name" direction="in"/>
      <arg type="v" name="value" direction="in"/>
    </method>
    <signal name="PropertiesChanged">
      <arg type="s" name="interface_name"/>
      <arg type="a{sv}" name="changed_properties"/>
      <arg type="as" name="invalidated_properties"/>
    </signal>
  </interface>
  <interface name="org.freedesktop.DBus.Introspectable">
    <method name="Introspect">
      <arg type="s" name="xml_data" direction="out"/>
    </method>
  </interface>
  <interface name="org.freedesktop.DBus.Peer">
    <method name="Ping"/>
    <method name="GetMachineId">
      <arg type="s" name="machine_uuid" direction="out"/>
    </method>
  </interface>
  <interface name="org.freedesktop.fwupd">
    <method name="GetDevices">
      <arg type="aa{sv}" name="devices" direction="out">
      </arg>
    </method>
    <method name="GetPlugins">
      <arg type="aa{sv}" name="plugins" direction="out">
      </arg>
    </method>
    <method name="GetReleases">
      <arg type="s" name="device_id" direction="in">
      </arg>
      <arg type="aa{sv}" name="releases" direction="out">
      </arg>
    </method>
    <method name="GetDowngrades">
      <arg type="s" name="device_id" direction="in">
      </arg>
      <arg type="aa{sv}" name="releases" direction="out">
      </arg>
    </method>
    <method name="GetUpgrades">
      <arg type="s" name="device_id" direction="in">
      </arg>
      <arg type="aa{sv}" name="releases" direction="out">
      </arg>
    </method>
    <method name="GetDetails">
      <arg type="h" name="handle" direction="in">
      </arg>
      <arg type="aa{sv}" name="results" direction="out">
      </arg>
    </method>
    <method name="GetHistory">
      <arg type="aa{sv}" name="devices" direction="out">
      </arg>
    </method>
    <method name="GetHostSecurityAttrs">
      <arg type="aa{sv}" name="attrs" direction="out">
      </arg>
    </method>
    <method name="GetHostSecurityEvents">
      <arg type="u" name="limit" direction="in">
      </arg>
      <arg type="aa{sv}" name="attrs" direction="out">
      </arg>
    </method>
    <method name="GetReportMetadata">
      <arg type="a{ss}" name="attrs" direction="out">
      </arg>
    </method>
    <method name="SetHints">
      <arg type="a{ss}" name="hints" direction="in">
      </arg>
    </method>
    <method name="Install">
      <arg type="s" name="id" direction="in">
      </arg>
      <arg type="h" name="handle" direction="in">
      </arg>
      <arg type="a{sv}" name="options" direction="in">
      </arg>
    </method>
    <method name="Verify">
      <arg type="s" name="id" direction="in">
      </arg>
    </method>
    <method name="VerifyUpdate">
      <arg type="s" name="id" direction="in">
      </arg>
    </method>
    <method name="Unlock">
      <arg type="s" name="id" direction="in">
      </arg>
    </method>
    <method name="Activate">
      <arg type="s" name="id" direction="in">
      </arg>
    </method>
    <method name="GetResults">
      <arg type="s" name="id" direction="in">
      </arg>
      <arg type="a{sv}" name="results" direction="out">
      </arg>
    </method>
    <method name="GetRemotes">
      <arg type="aa{sv}" name="results" direction="out">
      </arg>
    </method>
    <method name="GetApprovedFirmware">
      <arg type="as" name="checksums" direction="out">
      </arg>
    </method>
    <method name="SetApprovedFirmware">
      <arg type="as" name="checksums" direction="in">
      </arg>
    </method>
    <method name="GetBlockedFirmware">
      <arg type="as" name="checksums" direction="out">
      </arg>
    </method>
    <method name="SetBlockedFirmware">
      <arg type="as" name="checksums" direction="in">
      </arg>
    </method>
    <method name="SetFeatureFlags">
      <arg type="t" name="feature_flags" direction="in">
      </arg>
    </method>
    <method name="ClearResults">
      <arg type="s" name="id" direction="in">
      </arg>
    </method>
    <method name="ModifyDevice">
      <arg type="s" name="device_id" direction="in">
      </arg>
      <arg type="s" name="key" direction="in">
      </arg>
      <arg type="s" name="value" direction="in">
      </arg>
    </method>
    <method name="ModifyConfig">
      <arg type="s" name="key" direction="in">
      </arg>
      <arg type="s" name="value" direction="in">
      </arg>
    </method>
    <method name="UpdateMetadata">
      <arg type="s" name="remote_id" direction="in">
      </arg>
      <arg type="h" name="data" direction="in">
      </arg>
      <arg type="h" name="signature" direction="in">
      </arg>
    </method>
    <method name="ModifyRemote">
      <arg type="s" name="remote_id" direction="in">
      </arg>
      <arg type="s" name="key" direction="in">
      </arg>
      <arg type="s" name="value" direction="in">
      </arg>
    </method>
    <method name="SelfSign">
      <arg type="s" name="data" direction="in">
      </arg>
      <arg type="a{sv}" name="options" direction="in">
      </arg>
      <arg type="s" name="sig" direction="out">
      </arg>
    </method>
    <signal name="Changed">
    </signal>
    <signal name="DeviceAdded">
      <arg type="a{sv}" name="device">
      </arg>
    </signal>
    <signal name="DeviceRemoved">
      <arg type="a{sv}" name="device">
      </arg>
    </signal>
    <signal name="DeviceChanged">
      <arg type="a{sv}" name="device">
      </arg>
    </signal>
    <signal name="DeviceRequest">
      <arg type="a{sv}" name="request">
      </arg>
    </signal>
    <property type="s" name="DaemonVersion" access="read">
    </property>
    <property type="s" name="HostBkc" access="read">
    </property>
    <property type="s" name="HostProduct" access="read">
    </property>
    <property type="s" name="HostMachineId" access="read">
    </property>
    <property type="s" name="HostSecurityId" access="read">
    </property>
    <property type="b" name="Tainted" access="read">
    </property>
    <property type="b" name="Interactive" access="read">
    </property>
    <property type="u" name="Status" access="read">
    </property>
    <property type="u" name="Percentage" access="read">
    </property>
  </interface>
</node>
"
